# JRE version: Java(TM) SE Runtime Environment (17.0.11+7) (build 17.0.11+7-LTS-207)
# Java VM: Java HotSpot(TM) 64-Bit Server VM (17.0.11+7-LTS-207, mixed mode, sharing, tiered, compressed oops, compressed class ptrs, g1 gc, windows-amd64)
GC Precious Log:
 CPUs: 4 total, 4 available
 Memory: 8040M
 Large Page Support: Disabled
 NUMA Support: Disabled
 Compressed Oops: Enabled (32-bit)
 Heap Region Size: 1M
 Heap Min Capacity: 8M
 Heap Initial Capacity: 126M
 Heap Max Capacity: 2012M
 Pre-touch: Disabled
 Parallel Workers: 4
 Concurrent Workers: 1
 Concurrent Refinement Workers: 4
 Periodic GC: Disabled
Heap:
 garbage-first heap   total 120832K, used 46037K [0x0000000082400000, 0x0000000100000000)
  region size 1024K, 26 young (26624K), 1 survivors (1024K)
 Metaspace       used 31148K, committed 31488K, reserved 1114112K
  class space    used 3553K, committed 3712K, reserved 1048576K
GC Heap History (20 events):
Event: 32.613 GC heap before
{Heap before GC invocations=7 (full 0):
 garbage-first heap   total 48128K, used 20048K [0x0000000082400000, 0x0000000100000000)
  region size 1024K, 5 young (5120K), 4 survivors (4096K)
 Metaspace       used 25222K, committed 25536K, reserved 1114112K
  class space    used 2958K, committed 3072K, reserved 1048576K
}
Event: 32.635 GC heap after
{Heap after GC invocations=8 (full 0):
 garbage-first heap   total 48128K, used 19945K [0x0000000082400000, 0x0000000100000000)
  region size 1024K, 1 young (1024K), 1 survivors (1024K)
 Metaspace       used 25222K, committed 25536K, reserved 1114112K
  class space    used 2958K, committed 3072K, reserved 1048576K
}
Event: 35.943 GC heap before
{Heap before GC invocations=8 (full 0):
 garbage-first heap   total 48128K, used 36329K [0x0000000082400000, 0x0000000100000000)
  region size 1024K, 16 young (16384K), 1 survivors (1024K)
 Metaspace       used 26955K, committed 27328K, reserved 1114112K
  class space    used 3161K, committed 3328K, reserved 1048576K
}
Event: 35.965 GC heap after
{Heap after GC invocations=9 (full 0):
 garbage-first heap   total 48128K, used 23435K [0x0000000082400000, 0x0000000100000000)
  region size 1024K, 2 young (2048K), 2 survivors (2048K)
 Metaspace       used 26955K, committed 27328K, reserved 1114112K
  class space    used 3161K, committed 3328K, reserved 1048576K
}
Event: 39.810 GC heap before
{Heap before GC invocations=9 (full 0):
 garbage-first heap   total 48128K, used 36747K [0x0000000082400000, 0x0000000100000000)
  region size 1024K, 15 young (15360K), 2 survivors (2048K)
 Metaspace       used 27756K, committed 28096K, reserved 1114112K
  class space    used 3196K, committed 3328K, reserved 1048576K
}
Event: 39.834 GC heap after
{Heap after GC invocations=10 (full 0):
 garbage-first heap   total 48128K, used 24754K [0x0000000082400000, 0x0000000100000000)
  region size 1024K, 2 young (2048K), 2 survivors (2048K)
 Metaspace       used 27756K, committed 28096K, reserved 1114112K
  class space    used 3196K, committed 3328K, reserved 1048576K
}
Event: 40.708 GC heap before
{Heap before GC invocations=10 (full 0):
 garbage-first heap   total 48128K, used 36018K [0x0000000082400000, 0x0000000100000000)
  region size 1024K, 14 young (14336K), 2 survivors (2048K)
 Metaspace       used 27838K, committed 28160K, reserved 1114112K
  class space    used 3197K, committed 3328K, reserved 1048576K
}
Event: 40.721 GC heap after
{Heap after GC invocations=11 (full 0):
 garbage-first heap   total 48128K, used 25387K [0x0000000082400000, 0x0000000100000000)
  region size 1024K, 1 young (1024K), 1 survivors (1024K)
 Metaspace       used 27838K, committed 28160K, reserved 1114112K
  class space    used 3197K, committed 3328K, reserved 1048576K
}
Event: 41.933 GC heap before
{Heap before GC invocations=12 (full 0):
 garbage-first heap   total 48128K, used 36651K [0x0000000082400000, 0x0000000100000000)
  region size 1024K, 12 young (12288K), 1 survivors (1024K)
 Metaspace       used 28117K, committed 28416K, reserved 1114112K
  class space    used 3207K, committed 3328K, reserved 1048576K
}
Event: 41.939 GC heap after
{Heap after GC invocations=13 (full 0):
 garbage-first heap   total 48128K, used 25725K [0x0000000082400000, 0x0000000100000000)
  region size 1024K, 1 young (1024K), 1 survivors (1024K)
 Metaspace       used 28117K, committed 28416K, reserved 1114112K
  class space    used 3207K, committed 3328K, reserved 1048576K
}
Event: 42.040 GC heap before
{Heap before GC invocations=13 (full 0):
 garbage-first heap   total 48128K, used 26749K [0x0000000082400000, 0x0000000100000000)
  region size 1024K, 2 young (2048K), 1 survivors (1024K)
 Metaspace       used 28131K, committed 28416K, reserved 1114112K
  class space    used 3208K, committed 3328K, reserved 1048576K
}
Event: 42.048 GC heap after
{Heap after GC invocations=14 (full 0):
 garbage-first heap   total 48128K, used 25172K [0x0000000082400000, 0x0000000100000000)
  region size 1024K, 1 young (1024K), 1 survivors (1024K)
 Metaspace       used 28131K, committed 28416K, reserved 1114112K
  class space    used 3208K, committed 3328K, reserved 1048576K
}
Event: 42.927 GC heap before
{Heap before GC invocations=14 (full 0):
 garbage-first heap   total 48128K, used 37460K [0x0000000082400000, 0x0000000100000000)
  region size 1024K, 13 young (13312K), 1 survivors (1024K)
 Metaspace       used 29101K, committed 29376K, reserved 1114112K
  class space    used 3305K, committed 3456K, reserved 1048576K
}
Event: 42.932 GC heap after
{Heap after GC invocations=15 (full 0):
 garbage-first heap   total 48128K, used 25995K [0x0000000082400000, 0x0000000100000000)
  region size 1024K, 1 young (1024K), 1 survivors (1024K)
 Metaspace       used 29101K, committed 29376K, reserved 1114112K
  class space    used 3305K, committed 3456K, reserved 1048576K
}
Event: 43.973 GC heap before
{Heap before GC invocations=16 (full 0):
 garbage-first heap   total 48128K, used 37259K [0x0000000082400000, 0x0000000100000000)
  region size 1024K, 13 young (13312K), 1 survivors (1024K)
 Metaspace       used 29265K, committed 29568K, reserved 1114112K
  class space    used 3307K, committed 3456K, reserved 1048576K
}
Event: 43.981 GC heap after
{Heap after GC invocations=17 (full 0):
 garbage-first heap   total 48128K, used 26460K [0x0000000082400000, 0x0000000100000000)
  region size 1024K, 2 young (2048K), 2 survivors (2048K)
 Metaspace       used 29265K, committed 29568K, reserved 1114112K
  class space    used 3307K, committed 3456K, reserved 1048576K
}
Event: 44.014 GC heap before
{Heap before GC invocations=17 (full 0):
 garbage-first heap   total 48128K, used 27484K [0x0000000082400000, 0x0000000100000000)
  region size 1024K, 3 young (3072K), 2 survivors (2048K)
 Metaspace       used 29267K, committed 29568K, reserved 1114112K
  class space    used 3307K, committed 3456K, reserved 1048576K
}
Event: 44.027 GC heap after
{Heap after GC invocations=18 (full 0):
 garbage-first heap   total 48128K, used 22445K [0x0000000082400000, 0x0000000100000000)
  region size 1024K, 1 young (1024K), 1 survivors (1024K)
 Metaspace       used 29267K, committed 29568K, reserved 1114112K
  class space    used 3307K, committed 3456K, reserved 1048576K
}
Event: 44.144 GC heap before
{Heap before GC invocations=18 (full 0):
 garbage-first heap   total 48128K, used 23469K [0x0000000082400000, 0x0000000100000000)
  region size 1024K, 2 young (2048K), 1 survivors (1024K)
 Metaspace       used 29267K, committed 29568K, reserved 1114112K
  class space    used 3307K, committed 3456K, reserved 1048576K
}
Event: 44.152 GC heap after
{Heap after GC invocations=19 (full 0):
 garbage-first heap   total 120832K, used 21461K [0x0000000082400000, 0x0000000100000000)
  region size 1024K, 1 young (1024K), 1 survivors (1024K)
 Metaspace       used 29267K, committed 29568K, reserved 1114112K
  class space    used 3307K, committed 3456K, reserved 1048576K
}

